<?xml version="1.0" encoding="UTF-8"?>
<testsuite xmlns:xsi="http://www.w3.org/2001/XMLSchema-instance" xsi:noNamespaceSchemaLocation="https://maven.apache.org/surefire/maven-surefire-plugin/xsd/surefire-test-report.xsd" name="TestSuite" time="339.565" tests="7" errors="0" skipped="0" failures="0">
  <properties>
[...]
</properties>
  <testcase name="runScenario" classname="org.testrunner.com.TestRunner" time="66.441"/>
  <testcase name="runScenario" classname="org.testrunner.com.TestRunner" time="73.368"/>
  <testcase name="runScenario" classname="org.testrunner.com.TestRunner" time="67.161"/>
  <testcase name="runScenario" classname="org.testrunner.com.TestRunner" time="49.468"/>
  <testcase name="runScenario" classname="org.testrunner.com.TestRunner" time="27.451"/>
  <testcase name="runScenario" classname="org.testrunner.com.TestRunner" time="22.299"/>
  <testcase name="runScenario" classname="org.testrunner.com.TestRunner" time="26.052"/>
</testsuite>