<?xml version="1.0" encoding="UTF-8"?>
<testng-results ignored="0" total="7" passed="7" failed="0" skipped="0">
  <reporter-output>
    <line>
      <![CDATA[Pass]]>
    </line>
    <line>
      <![CDATA[Pass]]>
    </line>
    <line>
      <![CDATA[Pass]]>
    </line>
    <line>
      <![CDATA[Pass]]>
    </line>
    <line>
      <![CDATA[Pass]]>
    </line>
    <line>
      <![CDATA[Pass]]>
    </line>
    <line>
      <![CDATA[Pass]]>
    </line>
  </reporter-output>
  <suite started-at="2022-06-23T15:37:33 IST" name="Suite" finished-at="2022-06-23T15:43:10 IST" duration-ms="336253">
    <groups>
      <group name="cucumber">
        <method signature="AbstractTestNGCucumberTests.runScenario(io.cucumber.testng.PickleWrapper,io.cucumber.testng.FeatureWrapper)[pri:0, instance:org.testrunner.com.TestRunner@19569ebd]" name="runScenario" class="io.cucumber.testng.AbstractTestNGCucumberTests"/>
      </group> <!-- cucumber -->
    </groups>
    <test started-at="2022-06-23T15:37:33 IST" name="Test" finished-at="2022-06-23T15:43:10 IST" duration-ms="336253">
      <class name="org.testrunner.com.TestRunner">
        <test-method is-config="true" signature="setUpClass(org.testng.ITestContext)[pri:0, instance:org.testrunner.com.TestRunner@19569ebd]" started-at="2022-06-23T15:37:33 IST" name="setUpClass" finished-at="2022-06-23T15:37:37 IST" duration-ms="3458" status="PASS">
          <params>
            <param index="0">
              <value>
                <![CDATA[org.testng.TestRunner@1fa4db07]]>
              </value>
            </param>
          </params>
          <reporter-output>
          </reporter-output>
        </test-method> <!-- setUpClass -->
        <test-method signature="runScenario(io.cucumber.testng.PickleWrapper,io.cucumber.testng.FeatureWrapper)[pri:0, instance:org.testrunner.com.TestRunner@19569ebd]" started-at="2022-06-23T15:37:37 IST" name="runScenario" description="Runs Cucumber Scenarios" data-provider="scenarios" finished-at="2022-06-23T15:38:43 IST" duration-ms="66429" status="PASS">
          <params>
            <param index="0">
              <value>
                <![CDATA["Verify Budget Calculator Functionality"]]>
              </value>
            </param>
            <param index="1">
              <value>
                <![CDATA["Check Budget Calculator Functionality"]]>
              </value>
            </param>
          </params>
          <reporter-output>
            <line>
              <![CDATA[Pass]]>
            </line>
          </reporter-output>
        </test-method> <!-- runScenario -->
        <test-method signature="runScenario(io.cucumber.testng.PickleWrapper,io.cucumber.testng.FeatureWrapper)[pri:0, instance:org.testrunner.com.TestRunner@19569ebd]" started-at="2022-06-23T15:38:43 IST" name="runScenario" description="Runs Cucumber Scenarios" data-provider="scenarios" finished-at="2022-06-23T15:39:57 IST" duration-ms="73366" status="PASS">
          <params>
            <param index="0">
              <value>
                <![CDATA["Verify the Advanced Budget Calculator Functionality for Interior space"]]>
              </value>
            </param>
            <param index="1">
              <value>
                <![CDATA["Check Budget Calculator Functionality"]]>
              </value>
            </param>
          </params>
          <reporter-output>
            <line>
              <![CDATA[Pass]]>
            </line>
          </reporter-output>
        </test-method> <!-- runScenario -->
        <test-method signature="runScenario(io.cucumber.testng.PickleWrapper,io.cucumber.testng.FeatureWrapper)[pri:0, instance:org.testrunner.com.TestRunner@19569ebd]" started-at="2022-06-23T15:39:57 IST" name="runScenario" description="Runs Cucumber Scenarios" data-provider="scenarios" finished-at="2022-06-23T15:41:04 IST" duration-ms="67161" status="PASS">
          <params>
            <param index="0">
              <value>
                <![CDATA["Verify the Advanced Budget Calculator Functionality for Interior space for invalid width"]]>
              </value>
            </param>
            <param index="1">
              <value>
                <![CDATA["Check Budget Calculator Functionality"]]>
              </value>
            </param>
          </params>
          <reporter-output>
            <line>
              <![CDATA[Pass]]>
            </line>
          </reporter-output>
        </test-method> <!-- runScenario -->
        <test-method signature="runScenario(io.cucumber.testng.PickleWrapper,io.cucumber.testng.FeatureWrapper)[pri:0, instance:org.testrunner.com.TestRunner@19569ebd]" started-at="2022-06-23T15:41:04 IST" name="runScenario" description="Runs Cucumber Scenarios" data-provider="scenarios" finished-at="2022-06-23T15:41:53 IST" duration-ms="49463" status="PASS">
          <params>
            <param index="0">
              <value>
                <![CDATA["Verify the Advanced Budget Calculator Functionality for Interior space for invalid length"]]>
              </value>
            </param>
            <param index="1">
              <value>
                <![CDATA["Check Budget Calculator Functionality"]]>
              </value>
            </param>
          </params>
          <reporter-output>
            <line>
              <![CDATA[Pass]]>
            </line>
          </reporter-output>
        </test-method> <!-- runScenario -->
        <test-method signature="runScenario(io.cucumber.testng.PickleWrapper,io.cucumber.testng.FeatureWrapper)[pri:0, instance:org.testrunner.com.TestRunner@19569ebd]" started-at="2022-06-23T15:41:53 IST" name="runScenario" description="Runs Cucumber Scenarios" data-provider="scenarios" finished-at="2022-06-23T15:42:21 IST" duration-ms="27452" status="PASS">
          <params>
            <param index="0">
              <value>
                <![CDATA["Verify the Advanced Budget Calculator Functionality for Interior space for invalid length"]]>
              </value>
            </param>
            <param index="1">
              <value>
                <![CDATA["Check Budget Calculator Functionality"]]>
              </value>
            </param>
          </params>
          <reporter-output>
            <line>
              <![CDATA[Pass]]>
            </line>
          </reporter-output>
        </test-method> <!-- runScenario -->
        <test-method signature="runScenario(io.cucumber.testng.PickleWrapper,io.cucumber.testng.FeatureWrapper)[pri:0, instance:org.testrunner.com.TestRunner@19569ebd]" started-at="2022-06-23T15:42:21 IST" name="runScenario" description="Runs Cucumber Scenarios" data-provider="scenarios" finished-at="2022-06-23T15:42:43 IST" duration-ms="22299" status="PASS">
          <params>
            <param index="0">
              <value>
                <![CDATA["Verify the Advanced Budget Calculator Functionality for Exterior space for valid credentials"]]>
              </value>
            </param>
            <param index="1">
              <value>
                <![CDATA["Check Budget Calculator Functionality"]]>
              </value>
            </param>
          </params>
          <reporter-output>
            <line>
              <![CDATA[Pass]]>
            </line>
          </reporter-output>
        </test-method> <!-- runScenario -->
        <test-method signature="runScenario(io.cucumber.testng.PickleWrapper,io.cucumber.testng.FeatureWrapper)[pri:0, instance:org.testrunner.com.TestRunner@19569ebd]" started-at="2022-06-23T15:42:43 IST" name="runScenario" description="Runs Cucumber Scenarios" data-provider="scenarios" finished-at="2022-06-23T15:43:09 IST" duration-ms="26053" status="PASS">
          <params>
            <param index="0">
              <value>
                <![CDATA["Verify the Advanced Budget Calculator Functionality for Exterior space for invalid carpet area"]]>
              </value>
            </param>
            <param index="1">
              <value>
                <![CDATA["Check Budget Calculator Functionality"]]>
              </value>
            </param>
          </params>
          <reporter-output>
            <line>
              <![CDATA[Pass]]>
            </line>
          </reporter-output>
        </test-method> <!-- runScenario -->
        <test-method is-config="true" signature="tearDownClass()[pri:0, instance:org.testrunner.com.TestRunner@19569ebd]" started-at="2022-06-23T15:43:09 IST" name="tearDownClass" finished-at="2022-06-23T15:43:09 IST" duration-ms="235" status="PASS">
          <reporter-output>
          </reporter-output>
        </test-method> <!-- tearDownClass -->
      </class> <!-- org.testrunner.com.TestRunner -->
    </test> <!-- Test -->
  </suite> <!-- Suite -->
</testng-results>
