<?xml version="1.0" encoding="UTF-8"?>
<testng-results ignored="0" total="7" passed="7" failed="0" skipped="0">
  <reporter-output>
    <line>
      <![CDATA[Pass]]>
    </line>
    <line>
      <![CDATA[Pass]]>
    </line>
    <line>
      <![CDATA[Pass]]>
    </line>
    <line>
      <![CDATA[Pass]]>
    </line>
    <line>
      <![CDATA[Pass]]>
    </line>
    <line>
      <![CDATA[Pass]]>
    </line>
    <line>
      <![CDATA[Pass]]>
    </line>
  </reporter-output>
  <suite started-at="2022-06-23T10:56:52 IST" name="Default suite" finished-at="2022-06-23T11:03:45 IST" duration-ms="413052">
    <groups>
      <group name="cucumber">
        <method signature="AbstractTestNGCucumberTests.runScenario(io.cucumber.testng.PickleWrapper,io.cucumber.testng.FeatureWrapper)[pri:0, instance:org.testrunner.com.TestRunner@1542af63]" name="runScenario" class="io.cucumber.testng.AbstractTestNGCucumberTests"/>
      </group> <!-- cucumber -->
    </groups>
    <test started-at="2022-06-23T10:56:52 IST" name="Default test" finished-at="2022-06-23T11:03:45 IST" duration-ms="413052">
      <class name="org.testrunner.com.TestRunner">
        <test-method is-config="true" signature="setUpClass(org.testng.ITestContext)[pri:0, instance:org.testrunner.com.TestRunner@1542af63]" started-at="2022-06-23T10:56:52 IST" name="setUpClass" finished-at="2022-06-23T10:56:55 IST" duration-ms="2416" status="PASS">
          <params>
            <param index="0">
              <value>
                <![CDATA[org.testng.TestRunner@52ed42d6]]>
              </value>
            </param>
          </params>
          <reporter-output>
          </reporter-output>
        </test-method> <!-- setUpClass -->
        <test-method signature="runScenario(io.cucumber.testng.PickleWrapper,io.cucumber.testng.FeatureWrapper)[pri:0, instance:org.testrunner.com.TestRunner@1542af63]" started-at="2022-06-23T10:56:55 IST" name="runScenario" description="Runs Cucumber Scenarios" data-provider="scenarios" finished-at="2022-06-23T10:58:27 IST" duration-ms="92119" status="PASS">
          <params>
            <param index="0">
              <value>
                <![CDATA["Verify Budget Calculator Functionality"]]>
              </value>
            </param>
            <param index="1">
              <value>
                <![CDATA["Check Budget Calculator Functionality"]]>
              </value>
            </param>
          </params>
          <reporter-output>
            <line>
              <![CDATA[Pass]]>
            </line>
          </reporter-output>
        </test-method> <!-- runScenario -->
        <test-method signature="runScenario(io.cucumber.testng.PickleWrapper,io.cucumber.testng.FeatureWrapper)[pri:0, instance:org.testrunner.com.TestRunner@1542af63]" started-at="2022-06-23T10:58:27 IST" name="runScenario" description="Runs Cucumber Scenarios" data-provider="scenarios" finished-at="2022-06-23T10:59:29 IST" duration-ms="61920" status="PASS">
          <params>
            <param index="0">
              <value>
                <![CDATA["Verify the Advanced Budget Calculator Functionality for Interior space"]]>
              </value>
            </param>
            <param index="1">
              <value>
                <![CDATA["Check Budget Calculator Functionality"]]>
              </value>
            </param>
          </params>
          <reporter-output>
            <line>
              <![CDATA[Pass]]>
            </line>
          </reporter-output>
        </test-method> <!-- runScenario -->
        <test-method signature="runScenario(io.cucumber.testng.PickleWrapper,io.cucumber.testng.FeatureWrapper)[pri:0, instance:org.testrunner.com.TestRunner@1542af63]" started-at="2022-06-23T10:59:29 IST" name="runScenario" description="Runs Cucumber Scenarios" data-provider="scenarios" finished-at="2022-06-23T11:00:17 IST" duration-ms="48542" status="PASS">
          <params>
            <param index="0">
              <value>
                <![CDATA["Verify the Advanced Budget Calculator Functionality for Interior space for invalid width"]]>
              </value>
            </param>
            <param index="1">
              <value>
                <![CDATA["Check Budget Calculator Functionality"]]>
              </value>
            </param>
          </params>
          <reporter-output>
            <line>
              <![CDATA[Pass]]>
            </line>
          </reporter-output>
        </test-method> <!-- runScenario -->
        <test-method signature="runScenario(io.cucumber.testng.PickleWrapper,io.cucumber.testng.FeatureWrapper)[pri:0, instance:org.testrunner.com.TestRunner@1542af63]" started-at="2022-06-23T11:00:17 IST" name="runScenario" description="Runs Cucumber Scenarios" data-provider="scenarios" finished-at="2022-06-23T11:01:09 IST" duration-ms="51864" status="PASS">
          <params>
            <param index="0">
              <value>
                <![CDATA["Verify the Advanced Budget Calculator Functionality for Interior space for invalid length"]]>
              </value>
            </param>
            <param index="1">
              <value>
                <![CDATA["Check Budget Calculator Functionality"]]>
              </value>
            </param>
          </params>
          <reporter-output>
            <line>
              <![CDATA[Pass]]>
            </line>
          </reporter-output>
        </test-method> <!-- runScenario -->
        <test-method signature="runScenario(io.cucumber.testng.PickleWrapper,io.cucumber.testng.FeatureWrapper)[pri:0, instance:org.testrunner.com.TestRunner@1542af63]" started-at="2022-06-23T11:01:09 IST" name="runScenario" description="Runs Cucumber Scenarios" data-provider="scenarios" finished-at="2022-06-23T11:02:02 IST" duration-ms="52191" status="PASS">
          <params>
            <param index="0">
              <value>
                <![CDATA["Verify the Advanced Budget Calculator Functionality for Interior space for invalid length"]]>
              </value>
            </param>
            <param index="1">
              <value>
                <![CDATA["Check Budget Calculator Functionality"]]>
              </value>
            </param>
          </params>
          <reporter-output>
            <line>
              <![CDATA[Pass]]>
            </line>
          </reporter-output>
        </test-method> <!-- runScenario -->
        <test-method signature="runScenario(io.cucumber.testng.PickleWrapper,io.cucumber.testng.FeatureWrapper)[pri:0, instance:org.testrunner.com.TestRunner@1542af63]" started-at="2022-06-23T11:02:02 IST" name="runScenario" description="Runs Cucumber Scenarios" data-provider="scenarios" finished-at="2022-06-23T11:02:54 IST" duration-ms="52045" status="PASS">
          <params>
            <param index="0">
              <value>
                <![CDATA["Verify the Advanced Budget Calculator Functionality for Exterior space for valid credentials"]]>
              </value>
            </param>
            <param index="1">
              <value>
                <![CDATA["Check Budget Calculator Functionality"]]>
              </value>
            </param>
          </params>
          <reporter-output>
            <line>
              <![CDATA[Pass]]>
            </line>
          </reporter-output>
        </test-method> <!-- runScenario -->
        <test-method signature="runScenario(io.cucumber.testng.PickleWrapper,io.cucumber.testng.FeatureWrapper)[pri:0, instance:org.testrunner.com.TestRunner@1542af63]" started-at="2022-06-23T11:02:54 IST" name="runScenario" description="Runs Cucumber Scenarios" data-provider="scenarios" finished-at="2022-06-23T11:03:45 IST" duration-ms="51377" status="PASS">
          <params>
            <param index="0">
              <value>
                <![CDATA["Verify the Advanced Budget Calculator Functionality for Exterior space for invalid carpet area"]]>
              </value>
            </param>
            <param index="1">
              <value>
                <![CDATA["Check Budget Calculator Functionality"]]>
              </value>
            </param>
          </params>
          <reporter-output>
            <line>
              <![CDATA[Pass]]>
            </line>
          </reporter-output>
        </test-method> <!-- runScenario -->
        <test-method is-config="true" signature="tearDownClass()[pri:0, instance:org.testrunner.com.TestRunner@1542af63]" started-at="2022-06-23T11:03:45 IST" name="tearDownClass" finished-at="2022-06-23T11:03:45 IST" duration-ms="242" status="PASS">
          <reporter-output>
          </reporter-output>
        </test-method> <!-- tearDownClass -->
      </class> <!-- org.testrunner.com.TestRunner -->
    </test> <!-- Default test -->
  </suite> <!-- Default suite -->
</testng-results>
